c:\users\upsid\desktop\8503 release  2021\8503 release  2021\win32\debug\csc8503common.pdb
c:\users\upsid\desktop\8503 release  2021\8503 release  2021\win32\debug\csc8503common.idb
c:\users\upsid\desktop\8503 release  2021\8503 release  2021\csc8503\csc8503common\debug\spinninggameobject.obj
c:\users\upsid\desktop\8503 release  2021\8503 release  2021\csc8503\csc8503common\debug\rotationconstraint.obj
c:\users\upsid\desktop\8503 release  2021\8503 release  2021\csc8503\csc8503common\debug\renderobject.obj
c:\users\upsid\desktop\8503 release  2021\8503 release  2021\csc8503\csc8503common\debug\quadtree.obj
c:\users\upsid\desktop\8503 release  2021\8503 release  2021\csc8503\csc8503common\debug\pushdownstate.obj
c:\users\upsid\desktop\8503 release  2021\8503 release  2021\csc8503\csc8503common\debug\pushdownmachine.obj
c:\users\upsid\desktop\8503 release  2021\8503 release  2021\csc8503\csc8503common\debug\positionconstraint.obj
c:\users\upsid\desktop\8503 release  2021\8503 release  2021\csc8503\csc8503common\debug\physicssystem.obj
c:\users\upsid\desktop\8503 release  2021\8503 release  2021\csc8503\csc8503common\debug\physicsobject.obj
c:\users\upsid\desktop\8503 release  2021\8503 release  2021\csc8503\csc8503common\debug\navigationmesh.obj
c:\users\upsid\desktop\8503 release  2021\8503 release  2021\csc8503\csc8503common\debug\navigationgrid.obj
c:\users\upsid\desktop\8503 release  2021\8503 release  2021\csc8503\csc8503common\debug\gameworld.obj
c:\users\upsid\desktop\8503 release  2021\8503 release  2021\csc8503\csc8503common\debug\gameobject.obj
c:\users\upsid\desktop\8503 release  2021\8503 release  2021\csc8503\csc8503common\debug\debug.obj
c:\users\upsid\desktop\8503 release  2021\8503 release  2021\csc8503\csc8503common\debug\collisiondetection.obj
c:\users\upsid\desktop\8503 release  2021\8503 release  2021\csc8503\csc8503common\debug\behavioursequence.obj
c:\users\upsid\desktop\8503 release  2021\8503 release  2021\csc8503\csc8503common\debug\behaviourselector.obj
c:\users\upsid\desktop\8503 release  2021\8503 release  2021\csc8503\csc8503common\debug\behaviournodewithchildren.obj
c:\users\upsid\desktop\8503 release  2021\8503 release  2021\csc8503\csc8503common\debug\behaviournode.obj
c:\users\upsid\desktop\8503 release  2021\8503 release  2021\csc8503\csc8503common\debug\behaviouraction.obj
c:\users\upsid\desktop\8503 release  2021\8503 release  2021\csc8503\csc8503common\debug\transform.obj
c:\users\upsid\desktop\8503 release  2021\8503 release  2021\csc8503\csc8503common\debug\statetransition.obj
c:\users\upsid\desktop\8503 release  2021\8503 release  2021\csc8503\csc8503common\debug\statemachine.obj
c:\users\upsid\desktop\8503 release  2021\8503 release  2021\csc8503\csc8503common\debug\stategameobject.obj
c:\users\upsid\desktop\8503 release  2021\8503 release  2021\win32\debug\csc8503common.lib
c:\users\upsid\desktop\8503 release  2021\8503 release  2021\csc8503\csc8503common\debug\csc8503common.tlog\cl.command.1.tlog
c:\users\upsid\desktop\8503 release  2021\8503 release  2021\csc8503\csc8503common\debug\csc8503common.tlog\cl.read.1.tlog
c:\users\upsid\desktop\8503 release  2021\8503 release  2021\csc8503\csc8503common\debug\csc8503common.tlog\cl.write.1.tlog
c:\users\upsid\desktop\8503 release  2021\8503 release  2021\csc8503\csc8503common\debug\csc8503common.tlog\lib-link.read.1.tlog
c:\users\upsid\desktop\8503 release  2021\8503 release  2021\csc8503\csc8503common\debug\csc8503common.tlog\lib-link.write.1.tlog
c:\users\upsid\desktop\8503 release  2021\8503 release  2021\csc8503\csc8503common\debug\csc8503common.tlog\lib.command.1.tlog
