c:\users\upsid\desktop\8503 release  2021\8503 release  2021\csc8503\gametech\debug\vc142.pdb
c:\users\upsid\desktop\8503 release  2021\8503 release  2021\csc8503\gametech\debug\vc142.idb
c:\users\upsid\desktop\8503 release  2021\8503 release  2021\csc8503\gametech\debug\tutorialgame.obj
c:\users\upsid\desktop\8503 release  2021\8503 release  2021\csc8503\gametech\debug\stategameobject.obj
c:\users\upsid\desktop\8503 release  2021\8503 release  2021\csc8503\gametech\debug\main.obj
c:\users\upsid\desktop\8503 release  2021\8503 release  2021\csc8503\gametech\debug\gametechrenderer.obj
c:\users\upsid\desktop\8503 release  2021\8503 release  2021\csc8503\gametech\debug\courseworkgame.obj
c:\users\upsid\desktop\8503 release  2021\8503 release  2021\win32\debug\gametech.exe
c:\users\upsid\desktop\8503 release  2021\8503 release  2021\csc8503\gametech\debug\gametech.ilk
c:\users\upsid\desktop\8503 release  2021\8503 release  2021\win32\debug\gametech.pdb
c:\users\upsid\desktop\8503 release  2021\8503 release  2021\csc8503\gametech\debug\gametech.res
c:\users\upsid\desktop\8503 release  2021\8503 release  2021\csc8503\gametech\debug\gameobjectspawner.obj
c:\users\upsid\desktop\8503 release  2021\8503 release  2021\win32\debug\gametech.ilk
c:\users\upsid\desktop\8503 release  2021\8503 release  2021\csc8503\gametech\debug\gametech.tlog\cl.command.1.tlog
c:\users\upsid\desktop\8503 release  2021\8503 release  2021\csc8503\gametech\debug\gametech.tlog\cl.read.1.tlog
c:\users\upsid\desktop\8503 release  2021\8503 release  2021\csc8503\gametech\debug\gametech.tlog\cl.write.1.tlog
c:\users\upsid\desktop\8503 release  2021\8503 release  2021\csc8503\gametech\debug\gametech.tlog\link.command.1.tlog
c:\users\upsid\desktop\8503 release  2021\8503 release  2021\csc8503\gametech\debug\gametech.tlog\link.read.1.tlog
c:\users\upsid\desktop\8503 release  2021\8503 release  2021\csc8503\gametech\debug\gametech.tlog\link.write.1.tlog
c:\users\upsid\desktop\8503 release  2021\8503 release  2021\csc8503\gametech\debug\gametech.tlog\rc.command.1.tlog
c:\users\upsid\desktop\8503 release  2021\8503 release  2021\csc8503\gametech\debug\gametech.tlog\rc.read.1.tlog
c:\users\upsid\desktop\8503 release  2021\8503 release  2021\csc8503\gametech\debug\gametech.tlog\rc.write.1.tlog
